  EnemyShip.cpp
  Fight.cpp
  Final_Project.cpp
  Game.cpp
M:\CPP\ftl-clone\Final_Project\Game.cpp(5,45): warning C4244: 'argument': conversion from 'float' to 'unsigned int', possible loss of data
M:\CPP\ftl-clone\Final_Project\Game.cpp(5,37): warning C4244: 'argument': conversion from 'float' to 'unsigned int', possible loss of data
  Map.cpp
M:\CPP\ftl-clone\Final_Project\Map.cpp(95,32): warning C4244: 'initializing': conversion from 'double' to 'float', possible loss of data
  Random.cpp
M:\CPP\ftl-clone\Final_Project\Random.cpp(9,15): warning C4244: 'return': conversion from 'double' to 'float', possible loss of data
  Random.h
  Resources.cpp
  Ship.cpp
  StarNode.cpp
  StarNodeShadow.cpp
  StarNodeStore.cpp
  StarNodeWithEnemy.cpp
  UI_Player.cpp
M:\CPP\ftl-clone\Final_Project\UI_Player.cpp(75,29): warning C4244: 'initializing': conversion from 'int' to 'float', possible loss of data
M:\CPP\ftl-clone\Final_Project\UI_Player.cpp(144,46): warning C4244: 'argument': conversion from 'T' to 'float', possible loss of data
          with
          [
              T=unsigned int
          ]
  Generating Code...
x64\Debug\Random.obj : warning LNK4042: object specified more than once; extras ignored
  Final_Project.vcxproj -> M:\CPP\ftl-clone\x64\Debug\Final_Project.exe
